Flow report for Midi
Sat Feb  2 16:03:11 2019
Quartus Prime Version 16.1.2 Build 203 01/18/2017 SJ Lite Edition


---------------------
; Table of Contents ;
---------------------
  1. Legal Notice
  2. Flow Summary
  3. Flow Settings
  4. Flow Non-Default Global Settings
  5. Flow Elapsed Time
  6. Flow OS Summary
  7. Flow Log
  8. Flow Messages
  9. Flow Suppressed Messages



----------------
; Legal Notice ;
----------------
Copyright (C) 2017  Intel Corporation. All rights reserved.
Your use of Intel Corporation's design tools, logic functions 
and other software and tools, and its AMPP partner logic 
functions, and any output files from any of the foregoing 
(including device programming or simulation files), and any 
associated documentation or information are expressly subject 
to the terms and conditions of the Intel Program License 
Subscription Agreement, the Intel Quartus Prime License Agreement,
the Intel MegaCore Function License Agreement, or other 
applicable license agreement, including, without limitation, 
that your use is for the sole purpose of programming logic 
devices manufactured by Intel and sold by Intel or its 
authorized distributors.  Please refer to the applicable 
agreement for further details.



+----------------------------------------------------------------------------------+
; Flow Summary                                                                     ;
+------------------------------------+---------------------------------------------+
; Flow Status                        ; Successful - Sat Feb  2 16:03:11 2019       ;
; Quartus Prime Version              ; 16.1.2 Build 203 01/18/2017 SJ Lite Edition ;
; Revision Name                      ; Midi                                        ;
; Top-level Entity Name              ; top_module_Mario                            ;
; Family                             ; Cyclone IV E                                ;
; Device                             ; EP4CE6E22C8                                 ;
; Timing Models                      ; Final                                       ;
; Total logic elements               ; 349 / 6,272 ( 6 % )                         ;
;     Total combinational functions  ; 336 / 6,272 ( 5 % )                         ;
;     Dedicated logic registers      ; 175 / 6,272 ( 3 % )                         ;
; Total registers                    ; 175                                         ;
; Total pins                         ; 2 / 92 ( 2 % )                              ;
; Total virtual pins                 ; 0                                           ;
; Total memory bits                  ; 69,936 / 276,480 ( 25 % )                   ;
; Embedded Multiplier 9-bit elements ; 0 / 30 ( 0 % )                              ;
; Total PLLs                         ; 1 / 2 ( 50 % )                              ;
+------------------------------------+---------------------------------------------+


+-----------------------------------------+
; Flow Settings                           ;
+-------------------+---------------------+
; Option            ; Setting             ;
+-------------------+---------------------+
; Start date & time ; 02/02/2019 16:02:35 ;
; Main task         ; Compilation         ;
; Revision Name     ; Midi                ;
+-------------------+---------------------+


+-----------------------------------------------------------------------------------------------------------------------------------+
; Flow Non-Default Global Settings                                                                                                  ;
+--------------------------------------+----------------------------------------+---------------+------------------+----------------+
; Assignment Name                      ; Value                                  ; Default Value ; Entity Name      ; Section Id     ;
+--------------------------------------+----------------------------------------+---------------+------------------+----------------+
; ALLOW_ANY_ROM_SIZE_FOR_RECOGNITION   ; On                                     ; Off           ; --               ; --             ;
; COMPILER_SIGNATURE_ID                ; 154414180904924.154911975517163        ; --            ; --               ; --             ;
; EDA_OUTPUT_DATA_FORMAT               ; Verilog Hdl                            ; --            ; --               ; eda_simulation ;
; EDA_SIMULATION_TOOL                  ; ModelSim-Altera (Verilog)              ; <None>        ; --               ; --             ;
; EDA_TIME_SCALE                       ; 1 ps                                   ; --            ; --               ; eda_simulation ;
; FITTER_EFFORT                        ; Standard Fit                           ; Auto Fit      ; --               ; --             ;
; MAX_CORE_JUNCTION_TEMP               ; 85                                     ; --            ; --               ; --             ;
; MIN_CORE_JUNCTION_TEMP               ; 0                                      ; --            ; --               ; --             ;
; MISC_FILE                            ; ../modules/ROMs/ROM_Yoshi_0_bb.v       ; --            ; --               ; --             ;
; MISC_FILE                            ; ../modules/ROMs/ROM_Yoshi2_0_bb.v      ; --            ; --               ; --             ;
; MISC_FILE                            ; ../modules/ROMs/ROM_Mario_1_bb.v       ; --            ; --               ; --             ;
; MISC_FILE                            ; ../modules/ROMs/ROM_Mario_0_bb.v       ; --            ; --               ; --             ;
; MISC_FILE                            ; ../modules/PLLs/pll_Yoshi_bb.v         ; --            ; --               ; --             ;
; MISC_FILE                            ; ../modules/PLLs/pll_Yoshi.ppf          ; --            ; --               ; --             ;
; MISC_FILE                            ; ../modules/PLLs/pll_Yoshi2_bb.v        ; --            ; --               ; --             ;
; MISC_FILE                            ; ../modules/PLLs/pll_Yoshi2.ppf         ; --            ; --               ; --             ;
; MISC_FILE                            ; ../modules/PLLs/pll_Mario_bb.v         ; --            ; --               ; --             ;
; MISC_FILE                            ; ../modules/PLLs/pll_Mario.ppf          ; --            ; --               ; --             ;
; OPTIMIZATION_MODE                    ; High Performance Effort                ; Balanced      ; --               ; --             ;
; OUTPUT_IO_TIMING_FAR_END_VMEAS       ; Half Signal Swing                      ; --            ; --               ; --             ;
; OUTPUT_IO_TIMING_FAR_END_VMEAS       ; Half Signal Swing                      ; --            ; --               ; --             ;
; OUTPUT_IO_TIMING_NEAR_END_VMEAS      ; Half Vccio                             ; --            ; --               ; --             ;
; OUTPUT_IO_TIMING_NEAR_END_VMEAS      ; Half Vccio                             ; --            ; --               ; --             ;
; PARTITION_COLOR                      ; -- (Not supported for targeted family) ; --            ; top              ; Top            ;
; PARTITION_COLOR                      ; -- (Not supported for targeted family) ; --            ; top_module_Mario ; Top            ;
; PARTITION_FITTER_PRESERVATION_LEVEL  ; -- (Not supported for targeted family) ; --            ; top              ; Top            ;
; PARTITION_FITTER_PRESERVATION_LEVEL  ; -- (Not supported for targeted family) ; --            ; top_module_Mario ; Top            ;
; PARTITION_NETLIST_TYPE               ; -- (Not supported for targeted family) ; --            ; top              ; Top            ;
; PARTITION_NETLIST_TYPE               ; -- (Not supported for targeted family) ; --            ; top_module_Mario ; Top            ;
; PHYSICAL_SYNTHESIS_COMBO_LOGIC       ; On                                     ; Off           ; --               ; --             ;
; PHYSICAL_SYNTHESIS_REGISTER_RETIMING ; On                                     ; Off           ; --               ; --             ;
; PLACEMENT_EFFORT_MULTIPLIER          ; 4.0                                    ; 1.0           ; --               ; --             ;
; POWER_BOARD_THERMAL_MODEL            ; None (CONSERVATIVE)                    ; --            ; --               ; --             ;
; POWER_PRESET_COOLING_SOLUTION        ; 23 MM HEAT SINK WITH 200 LFPM AIRFLOW  ; --            ; --               ; --             ;
; PROJECT_OUTPUT_DIRECTORY             ; output_files                           ; --            ; --               ; --             ;
; ROUTER_TIMING_OPTIMIZATION_LEVEL     ; MAXIMUM                                ; Normal        ; --               ; --             ;
; SEARCH_PATH                          ; ../quartus                             ; --            ; --               ; --             ;
; SMART_RECOMPILE                      ; On                                     ; Off           ; --               ; --             ;
; TOP_LEVEL_ENTITY                     ; top_module_Mario                       ; Midi          ; --               ; --             ;
; VERILOG_SHOW_LMF_MAPPING_MESSAGES    ; Off                                    ; --            ; --               ; --             ;
+--------------------------------------+----------------------------------------+---------------+------------------+----------------+


+-------------------------------------------------------------------------------------------------------------------------------+
; Flow Elapsed Time                                                                                                             ;
+---------------------------+--------------+-------------------------+---------------------+------------------------------------+
; Module Name               ; Elapsed Time ; Average Processors Used ; Peak Virtual Memory ; Total CPU Time (on all processors) ;
+---------------------------+--------------+-------------------------+---------------------+------------------------------------+
; Analysis & Synthesis      ; 00:00:19     ; 1.0                     ; 1025 MB             ; 00:00:40                           ;
; Fitter                    ; 00:00:10     ; 1.0                     ; 1139 MB             ; 00:00:11                           ;
; Assembler                 ; 00:00:01     ; 1.0                     ; 813 MB              ; 00:00:01                           ;
; TimeQuest Timing Analyzer ; 00:00:02     ; 1.1                     ; 805 MB              ; 00:00:02                           ;
; EDA Netlist Writer        ; 00:00:01     ; 1.0                     ; 1051 MB             ; 00:00:01                           ;
; Total                     ; 00:00:33     ; --                      ; --                  ; 00:00:55                           ;
+---------------------------+--------------+-------------------------+---------------------+------------------------------------+


+-------------------------------------------------------------------------------------------+
; Flow OS Summary                                                                           ;
+---------------------------+-----------------------+---------+------------+----------------+
; Module Name               ; Machine Hostname      ; OS Name ; OS Version ; Processor type ;
+---------------------------+-----------------------+---------+------------+----------------+
; Analysis & Synthesis      ; localhost.localdomain ; This is ; This is    ; x86_64         ;
; Fitter                    ; localhost.localdomain ; This is ; This is    ; x86_64         ;
; Assembler                 ; localhost.localdomain ; This is ; This is    ; x86_64         ;
; TimeQuest Timing Analyzer ; localhost.localdomain ; This is ; This is    ; x86_64         ;
; EDA Netlist Writer        ; localhost.localdomain ; This is ; This is    ; x86_64         ;
+---------------------------+-----------------------+---------+------------+----------------+


------------
; Flow Log ;
------------
quartus_map --read_settings_files=on --write_settings_files=off Midi -c Midi
quartus_fit --read_settings_files=off --write_settings_files=off Midi -c Midi
quartus_asm --read_settings_files=off --write_settings_files=off Midi -c Midi
quartus_sta Midi -c Midi
quartus_eda --read_settings_files=off --write_settings_files=off Midi -c Midi



